# JRE version: Java(TM) SE Runtime Environment (17.0.10+11) (build 17.0.10+11-LTS-240)
# Java VM: Java HotSpot(TM) 64-Bit Server VM (17.0.10+11-LTS-240, mixed mode, sharing, tiered, compressed oops, compressed class ptrs, g1 gc, windows-amd64)
GC Precious Log:
 CPUs: 4 total, 4 available
 Memory: 8085M
 Large Page Support: Disabled
 NUMA Support: Disabled
 Compressed Oops: Enabled (32-bit)
 Heap Region Size: 1M
 Heap Min Capacity: 8M
 Heap Initial Capacity: 128M
 Heap Max Capacity: 2022M
 Pre-touch: Disabled
 Parallel Workers: 4
 Concurrent Workers: 1
 Concurrent Refinement Workers: 4
 Periodic GC: Disabled
Heap:
 garbage-first heap   total 234496K, used 133031K [0x0000000081a00000, 0x0000000100000000)
  region size 1024K, 82 young (83968K), 6 survivors (6144K)
 Metaspace       used 35312K, committed 35776K, reserved 1114112K
  class space    used 4037K, committed 4288K, reserved 1048576K
GC Heap History (20 events):
Event: 47.306 GC heap before
{Heap before GC invocations=5 (full 0):
 garbage-first heap   total 131072K, used 92469K [0x0000000081a00000, 0x0000000100000000)
  region size 1024K, 70 young (71680K), 8 survivors (8192K)
 Metaspace       used 20274K, committed 20480K, reserved 1114112K
  class space    used 2328K, committed 2432K, reserved 1048576K
}
Event: 47.328 GC heap after
{Heap after GC invocations=6 (full 0):
 garbage-first heap   total 131072K, used 34304K [0x0000000081a00000, 0x0000000100000000)
  region size 1024K, 6 young (6144K), 6 survivors (6144K)
 Metaspace       used 20274K, committed 20480K, reserved 1114112K
  class space    used 2328K, committed 2432K, reserved 1048576K
}
Event: 47.740 GC heap before
{Heap before GC invocations=6 (full 0):
 garbage-first heap   total 131072K, used 37376K [0x0000000081a00000, 0x0000000100000000)
  region size 1024K, 10 young (10240K), 6 survivors (6144K)
 Metaspace       used 21251K, committed 21504K, reserved 1114112K
  class space    used 2482K, committed 2624K, reserved 1048576K
}
Event: 47.755 GC heap after
{Heap after GC invocations=7 (full 0):
 garbage-first heap   total 131072K, used 34673K [0x0000000081a00000, 0x0000000100000000)
  region size 1024K, 3 young (3072K), 3 survivors (3072K)
 Metaspace       used 21251K, committed 21504K, reserved 1114112K
  class space    used 2482K, committed 2624K, reserved 1048576K
}
Event: 52.733 GC heap before
{Heap before GC invocations=8 (full 0):
 garbage-first heap   total 122880K, used 70513K [0x0000000081a00000, 0x0000000100000000)
  region size 1024K, 38 young (38912K), 3 survivors (3072K)
 Metaspace       used 26545K, committed 26816K, reserved 1114112K
  class space    used 3053K, committed 3200K, reserved 1048576K
}
Event: 52.763 GC heap after
{Heap after GC invocations=9 (full 0):
 garbage-first heap   total 122880K, used 44507K [0x0000000081a00000, 0x0000000100000000)
  region size 1024K, 5 young (5120K), 5 survivors (5120K)
 Metaspace       used 26545K, committed 26816K, reserved 1114112K
  class space    used 3053K, committed 3200K, reserved 1048576K
}
Event: 52.808 GC heap before
{Heap before GC invocations=9 (full 0):
 garbage-first heap   total 122880K, used 45531K [0x0000000081a00000, 0x0000000100000000)
  region size 1024K, 6 young (6144K), 5 survivors (5120K)
 Metaspace       used 26552K, committed 26816K, reserved 1114112K
  class space    used 3053K, committed 3200K, reserved 1048576K
}
Event: 52.823 GC heap after
{Heap after GC invocations=10 (full 0):
 garbage-first heap   total 122880K, used 45337K [0x0000000081a00000, 0x0000000100000000)
  region size 1024K, 1 young (1024K), 1 survivors (1024K)
 Metaspace       used 26552K, committed 26816K, reserved 1114112K
  class space    used 3053K, committed 3200K, reserved 1048576K
}
Event: 55.990 GC heap before
{Heap before GC invocations=10 (full 0):
 garbage-first heap   total 122880K, used 74009K [0x0000000081a00000, 0x0000000100000000)
  region size 1024K, 30 young (30720K), 1 survivors (1024K)
 Metaspace       used 28105K, committed 28416K, reserved 1114112K
  class space    used 3199K, committed 3328K, reserved 1048576K
}
Event: 56.001 GC heap after
{Heap after GC invocations=11 (full 0):
 garbage-first heap   total 122880K, used 47579K [0x0000000081a00000, 0x0000000100000000)
  region size 1024K, 3 young (3072K), 3 survivors (3072K)
 Metaspace       used 28105K, committed 28416K, reserved 1114112K
  class space    used 3199K, committed 3328K, reserved 1048576K
}
Event: 57.732 GC heap before
{Heap before GC invocations=12 (full 0):
 garbage-first heap   total 122880K, used 79323K [0x0000000081a00000, 0x0000000100000000)
  region size 1024K, 34 young (34816K), 3 survivors (3072K)
 Metaspace       used 29249K, committed 29632K, reserved 1114112K
  class space    used 3331K, committed 3520K, reserved 1048576K
}
Event: 57.744 GC heap after
{Heap after GC invocations=13 (full 0):
 garbage-first heap   total 122880K, used 48533K [0x0000000081a00000, 0x0000000100000000)
  region size 1024K, 1 young (1024K), 1 survivors (1024K)
 Metaspace       used 29249K, committed 29632K, reserved 1114112K
  class space    used 3331K, committed 3520K, reserved 1048576K
}
Event: 57.858 GC heap before
{Heap before GC invocations=13 (full 0):
 garbage-first heap   total 122880K, used 53653K [0x0000000081a00000, 0x0000000100000000)
  region size 1024K, 6 young (6144K), 1 survivors (1024K)
 Metaspace       used 29310K, committed 29696K, reserved 1114112K
  class space    used 3334K, committed 3520K, reserved 1048576K
}
Event: 57.863 GC heap after
{Heap after GC invocations=14 (full 0):
 garbage-first heap   total 122880K, used 48764K [0x0000000081a00000, 0x0000000100000000)
  region size 1024K, 1 young (1024K), 1 survivors (1024K)
 Metaspace       used 29310K, committed 29696K, reserved 1114112K
  class space    used 3334K, committed 3520K, reserved 1048576K
}
Event: 58.763 GC heap before
{Heap before GC invocations=14 (full 0):
 garbage-first heap   total 122880K, used 82556K [0x0000000081a00000, 0x0000000100000000)
  region size 1024K, 34 young (34816K), 1 survivors (1024K)
 Metaspace       used 29555K, committed 29952K, reserved 1114112K
  class space    used 3338K, committed 3520K, reserved 1048576K
}
Event: 58.773 GC heap after
{Heap after GC invocations=15 (full 0):
 garbage-first heap   total 122880K, used 50589K [0x0000000081a00000, 0x0000000100000000)
  region size 1024K, 3 young (3072K), 3 survivors (3072K)
 Metaspace       used 29555K, committed 29952K, reserved 1114112K
  class space    used 3338K, committed 3520K, reserved 1048576K
}
Event: 60.386 GC heap before
{Heap before GC invocations=15 (full 0):
 garbage-first heap   total 122880K, used 86429K [0x0000000081a00000, 0x0000000100000000)
  region size 1024K, 38 young (38912K), 3 survivors (3072K)
 Metaspace       used 30998K, committed 31424K, reserved 1114112K
  class space    used 3513K, committed 3712K, reserved 1048576K
}
Event: 60.402 GC heap after
{Heap after GC invocations=16 (full 0):
 garbage-first heap   total 122880K, used 53240K [0x0000000081a00000, 0x0000000100000000)
  region size 1024K, 5 young (5120K), 5 survivors (5120K)
 Metaspace       used 30998K, committed 31424K, reserved 1114112K
  class space    used 3513K, committed 3712K, reserved 1048576K
}
Event: 63.939 GC heap before
{Heap before GC invocations=16 (full 0):
 garbage-first heap   total 122880K, used 90104K [0x0000000081a00000, 0x0000000100000000)
  region size 1024K, 41 young (41984K), 5 survivors (5120K)
 Metaspace       used 35068K, committed 35456K, reserved 1114112K
  class space    used 4031K, committed 4224K, reserved 1048576K
}
Event: 63.973 GC heap after
{Heap after GC invocations=17 (full 0):
 garbage-first heap   total 234496K, used 56231K [0x0000000081a00000, 0x0000000100000000)
  region size 1024K, 6 young (6144K), 6 survivors (6144K)
 Metaspace       used 35068K, committed 35456K, reserved 1114112K
  class space    used 4031K, committed 4224K, reserved 1048576K
}

